<?xml version="1.0" encoding="UTF-8"?>
<!-- Generated by org.testng.reporters.JUnitReportReporter -->
<testsuite skipped="0" hostname="DESKTOP-4PA6V67" name="tests.TestClass" tests="3" failures="0" timestamp="22 jul 2020 01:23:01 GMT" time="0.010" errors="0">
  <testcase name="testTrue" time="0.000" classname="tests.TestClass"/>
  <testcase name="loginTest" time="0.001" classname="tests.TestClass"/>
  <testcase name="failureTest" time="0.009" classname="tests.TestClass"/>
</testsuite> <!-- tests.TestClass -->
